#
# There is insufficient memory for the Java Runtime Environment to continue.
# Native memory allocation (malloc) failed to allocate 32744 bytes. Error detail: Chunk::new
# Possible reasons:
#   The system is out of physical RAM or swap space
#   This process is running with CompressedOops enabled, and the Java Heap may be blocking the growth of the native heap
# Possible solutions:
#   Reduce memory load on the system
#   Increase physical memory or swap space
#   Check if swap backing store is full
#   Decrease Java heap size (-Xmx/-Xms)
#   Decrease number of Java threads
#   Decrease Java thread stack sizes (-Xss)
#   Set larger code cache with -XX:ReservedCodeCacheSize=
#   JVM is running with Unscaled Compressed Oops mode in which the Java heap is
#     placed in the first 4GB address space. The Java Heap base address is the
#     maximum limit for the native heap growth. Please use -XX:HeapBaseMinAddress
#     to set the Java Heap base and to place the Java Heap above 4GB virtual address.
# This output file may be truncated or incomplete.
#
#  Out of Memory Error (arena.cpp:168), pid=14908, tid=17352
#
# JRE version: OpenJDK Runtime Environment Temurin-21.0.6+7 (21.0.6+7) (build 21.0.6+7-LTS)
# Java VM: OpenJDK 64-Bit Server VM Temurin-21.0.6+7 (21.0.6+7-LTS, mixed mode, sharing, tiered, compressed oops, compressed class ptrs, parallel gc, windows-amd64)
# No core dump will be written. Minidumps are not enabled by default on client versions of Windows
#

---------------  S U M M A R Y ------------

Command Line: --add-modules=ALL-SYSTEM --add-opens=java.base/java.util=ALL-UNNAMED --add-opens=java.base/java.lang=ALL-UNNAMED --add-opens=java.base/sun.nio.fs=ALL-UNNAMED -Declipse.application=org.eclipse.jdt.ls.core.id1 -Dosgi.bundles.defaultStartLevel=4 -Declipse.product=org.eclipse.jdt.ls.core.product -Djava.import.generatesMetadataFilesAtProjectRoot=false -DDetectVMInstallationsJob.disabled=true -Dfile.encoding=utf8 -XX:+UseParallelGC -XX:GCTimeRatio=4 -XX:AdaptiveSizePolicyWeight=90 -Dsun.zip.disableMemoryMapping=true -Xmx1G -Xms100m -Xlog:disable -javaagent:c:\Users\Luan_\.vscode\extensions\redhat.java-1.40.0-win32-x64\lombok\lombok-1.18.36.jar -XX:+HeapDumpOnOutOfMemoryError -XX:HeapDumpPath=c:\Users\Luan_\AppData\Roaming\Code\User\workspaceStorage\129cff907ff16b97b726fbdafeb8f0de\redhat.java -Daether.dependencyCollector.impl=bf c:\Users\Luan_\.vscode\extensions\redhat.java-1.40.0-win32-x64\server\plugins\org.eclipse.equinox.launcher_1.6.1000.v20250131-0606.jar -configuration c:\Users\Luan_\AppData\Roaming\Code\User\globalStorage\redhat.java\1.40.0\config_win -data c:\Users\Luan_\AppData\Roaming\Code\User\workspaceStorage\129cff907ff16b97b726fbdafeb8f0de\redhat.java\jdt_ws --pipe=\\.\pipe\lsp-241613f9f65ccdcf10069a0044088b6b-sock

Host: Intel(R) Core(TM) i5-7200U CPU @ 2.50GHz, 4 cores, 7G,  Windows 11 , 64 bit Build 22621 (10.0.22621.3958)
Time: Mon Mar 24 00:00:28 2025 Hora oficial do Brasil elapsed time: 68.672664 seconds (0d 0h 1m 8s)

---------------  T H R E A D  ---------------

Current thread (0x0000020dfa5cb150):  JavaThread "C2 CompilerThread0" daemon [_thread_in_native, id=17352, stack(0x0000008c5fe00000,0x0000008c5ff00000) (1024K)]


Current CompileTask:
C2:68672 13365       4       org.eclipse.jdt.internal.compiler.parser.Parser::consumeRule (7755 bytes)

Stack: [0x0000008c5fe00000,0x0000008c5ff00000]
Native frames: (J=compiled Java code, j=interpreted, Vv=VM code, C=native code)
V  [jvm.dll+0x6cdee9]
V  [jvm.dll+0x8a83d1]
V  [jvm.dll+0x8aa8fe]
V  [jvm.dll+0x8aafe3]
V  [jvm.dll+0x27f706]
V  [jvm.dll+0xc500d]
V  [jvm.dll+0xc5543]
V  [jvm.dll+0x865c27]
V  [jvm.dll+0x85fd6e]
V  [jvm.dll+0x86d8da]
V  [jvm.dll+0x86c93f]
V  [jvm.dll+0x86de03]
V  [jvm.dll+0x86d85a]
V  [jvm.dll+0x86c93f]
V  [jvm.dll+0x1d5f69]
V  [jvm.dll+0x1d5cf6]
V  [jvm.dll+0x1d551e]
V  [jvm.dll+0x6f74fd]
V  [jvm.dll+0x39b344]
V  [jvm.dll+0x2f1cc6]
V  [jvm.dll+0x6e8512]
V  [jvm.dll+0x6e0503]
V  [jvm.dll+0x6dfc1e]
V  [jvm.dll+0x6ddd0c]
V  [jvm.dll+0x1ca62c]
V  [jvm.dll+0x246b3e]
V  [jvm.dll+0x1c75ee]
V  [jvm.dll+0x25685a]
V  [jvm.dll+0x254dfa]
V  [jvm.dll+0x3f0256]
V  [jvm.dll+0x851f8b]
V  [jvm.dll+0x6cc5ed]
C  [ucrtbase.dll+0x29333]
C  [KERNEL32.DLL+0x1257d]
C  [ntdll.dll+0x5af08]


---------------  P R O C E S S  ---------------

Threads class SMR info:
_java_thread_list=0x0000020dd89f5ac0, length=46, elements={
0x0000020df528cee0, 0x0000020dfa5bfc40, 0x0000020dfa5c0fb0, 0x0000020dfa5c2680,
0x0000020dfa5c3490, 0x0000020dfa5c62b0, 0x0000020dfa5c8310, 0x0000020dfa5cb150,
0x0000020dfa636c10, 0x0000020dd4063480, 0x0000020dd4289e00, 0x0000020dd4475d40,
0x0000020dd49547c0, 0x0000020dd41ead60, 0x0000020dd41eb790, 0x0000020dd4052450,
0x0000020dd4b754f0, 0x0000020dfa62fb80, 0x0000020dfa630210, 0x0000020dfa62dab0,
0x0000020dfa62e7d0, 0x0000020dfa6308a0, 0x0000020dfa62f4f0, 0x0000020dfa62ee60,
0x0000020dd69b3950, 0x0000020dd69b4d00, 0x0000020dd69b3fe0, 0x0000020dd69b5a20,
0x0000020dd69b32c0, 0x0000020dd69b4670, 0x0000020dd69b5390, 0x0000020dd69b60b0,
0x0000020dd69b1f10, 0x0000020dd69b2c30, 0x0000020dd69af7b0, 0x0000020dd69b25a0,
0x0000020dd69b6dd0, 0x0000020dd69afe40, 0x0000020dd69b04d0, 0x0000020dd69b0b60,
0x0000020dd85c2020, 0x0000020dd85be510, 0x0000020dd85bc440, 0x0000020dd85bff50,
0x0000020dd85c1300, 0x0000020dd7d006e0
}

Java Threads: ( => current thread )
  0x0000020df528cee0 JavaThread "main"                              [_thread_blocked, id=1684, stack(0x0000008c5f400000,0x0000008c5f500000) (1024K)]
  0x0000020dfa5bfc40 JavaThread "Reference Handler"          daemon [_thread_blocked, id=17636, stack(0x0000008c5f800000,0x0000008c5f900000) (1024K)]
  0x0000020dfa5c0fb0 JavaThread "Finalizer"                  daemon [_thread_blocked, id=13228, stack(0x0000008c5f900000,0x0000008c5fa00000) (1024K)]
  0x0000020dfa5c2680 JavaThread "Signal Dispatcher"          daemon [_thread_blocked, id=2288, stack(0x0000008c5fa00000,0x0000008c5fb00000) (1024K)]
  0x0000020dfa5c3490 JavaThread "Attach Listener"            daemon [_thread_blocked, id=16588, stack(0x0000008c5fb00000,0x0000008c5fc00000) (1024K)]
  0x0000020dfa5c62b0 JavaThread "Service Thread"             daemon [_thread_blocked, id=7652, stack(0x0000008c5fc00000,0x0000008c5fd00000) (1024K)]
  0x0000020dfa5c8310 JavaThread "Monitor Deflation Thread"   daemon [_thread_blocked, id=16544, stack(0x0000008c5fd00000,0x0000008c5fe00000) (1024K)]
=>0x0000020dfa5cb150 JavaThread "C2 CompilerThread0"         daemon [_thread_in_native, id=17352, stack(0x0000008c5fe00000,0x0000008c5ff00000) (1024K)]
  0x0000020dfa636c10 JavaThread "C1 CompilerThread0"         daemon [_thread_blocked, id=6120, stack(0x0000008c5ff00000,0x0000008c60000000) (1024K)]
  0x0000020dd4063480 JavaThread "Common-Cleaner"             daemon [_thread_blocked, id=15724, stack(0x0000008c60000000,0x0000008c60100000) (1024K)]
  0x0000020dd4289e00 JavaThread "Notification Thread"        daemon [_thread_blocked, id=5548, stack(0x0000008c60100000,0x0000008c60200000) (1024K)]
  0x0000020dd4475d40 JavaThread "Active Thread: Equinox Container: c7effae2-0a57-4595-abd3-32a23083ae79"        [_thread_blocked, id=432, stack(0x0000008c60600000,0x0000008c60700000) (1024K)]
  0x0000020dd49547c0 JavaThread "Refresh Thread: Equinox Container: c7effae2-0a57-4595-abd3-32a23083ae79" daemon [_thread_blocked, id=9516, stack(0x0000008c60500000,0x0000008c60600000) (1024K)]
  0x0000020dd41ead60 JavaThread "Framework Event Dispatcher: Equinox Container: c7effae2-0a57-4595-abd3-32a23083ae79" daemon [_thread_blocked, id=7248, stack(0x0000008c60700000,0x0000008c60800000) (1024K)]
  0x0000020dd41eb790 JavaThread "Start Level: Equinox Container: c7effae2-0a57-4595-abd3-32a23083ae79" daemon [_thread_blocked, id=19136, stack(0x0000008c60800000,0x0000008c60900000) (1024K)]
  0x0000020dd4052450 JavaThread "Bundle File Closer"         daemon [_thread_blocked, id=18176, stack(0x0000008c60900000,0x0000008c60a00000) (1024K)]
  0x0000020dd4b754f0 JavaThread "SCR Component Actor"        daemon [_thread_blocked, id=15856, stack(0x0000008c60a00000,0x0000008c60b00000) (1024K)]
  0x0000020dfa62fb80 JavaThread "Worker-JM"                         [_thread_blocked, id=16500, stack(0x0000008c60d00000,0x0000008c60e00000) (1024K)]
  0x0000020dfa630210 JavaThread "JNA Cleaner"                daemon [_thread_blocked, id=14112, stack(0x0000008c60e00000,0x0000008c60f00000) (1024K)]
  0x0000020dfa62dab0 JavaThread "Worker-0: Java indexing... "        [_thread_blocked, id=18752, stack(0x0000008c60f00000,0x0000008c61000000) (1024K)]
  0x0000020dfa62e7d0 JavaThread "Worker-1"                          [_thread_blocked, id=17328, stack(0x0000008c60c00000,0x0000008c60d00000) (1024K)]
  0x0000020dfa6308a0 JavaThread "Java indexing"              daemon [_thread_blocked, id=8244, stack(0x0000008c61100000,0x0000008c61200000) (1024K)]
  0x0000020dfa62f4f0 JavaThread "Worker-2"                          [_thread_blocked, id=9548, stack(0x0000008c61200000,0x0000008c61300000) (1024K)]
  0x0000020dfa62ee60 JavaThread "Worker-3"                          [_thread_blocked, id=1184, stack(0x0000008c61300000,0x0000008c61400000) (1024K)]
  0x0000020dd69b3950 JavaThread "Worker-4"                          [_thread_blocked, id=788, stack(0x0000008c61400000,0x0000008c61500000) (1024K)]
  0x0000020dd69b4d00 JavaThread "Worker-5: Initialize Workspace"        [_thread_blocked, id=15600, stack(0x0000008c61500000,0x0000008c61600000) (1024K)]
  0x0000020dd69b3fe0 JavaThread "Thread-2"                   daemon [_thread_in_native, id=18168, stack(0x0000008c61600000,0x0000008c61700000) (1024K)]
  0x0000020dd69b5a20 JavaThread "Thread-3"                   daemon [_thread_in_native, id=10916, stack(0x0000008c61700000,0x0000008c61800000) (1024K)]
  0x0000020dd69b32c0 JavaThread "Thread-4"                   daemon [_thread_in_native, id=18452, stack(0x0000008c61800000,0x0000008c61900000) (1024K)]
  0x0000020dd69b4670 JavaThread "Thread-5"                   daemon [_thread_in_native, id=13536, stack(0x0000008c61900000,0x0000008c61a00000) (1024K)]
  0x0000020dd69b5390 JavaThread "Thread-6"                   daemon [_thread_in_native, id=11528, stack(0x0000008c61a00000,0x0000008c61b00000) (1024K)]
  0x0000020dd69b60b0 JavaThread "pool-2-thread-1"                   [_thread_blocked, id=18900, stack(0x0000008c61b00000,0x0000008c61c00000) (1024K)]
  0x0000020dd69b1f10 JavaThread "WorkspaceEventsHandler"            [_thread_blocked, id=5784, stack(0x0000008c61c00000,0x0000008c61d00000) (1024K)]
  0x0000020dd69b2c30 JavaThread "pool-1-thread-1"                   [_thread_blocked, id=15808, stack(0x0000008c61d00000,0x0000008c61e00000) (1024K)]
  0x0000020dd69af7b0 JavaThread "LocalFile Deleter"          daemon [_thread_blocked, id=14000, stack(0x0000008c60b00000,0x0000008c60c00000) (1024K)]
  0x0000020dd69b25a0 JavaThread "LocalFile Deleter"          daemon [_thread_blocked, id=16540, stack(0x0000008c61e00000,0x0000008c61f00000) (1024K)]
  0x0000020dd69b6dd0 JavaThread "LocalFile Deleter"          daemon [_thread_blocked, id=6948, stack(0x0000008c61f00000,0x0000008c62000000) (1024K)]
  0x0000020dd69afe40 JavaThread "LocalFile Deleter"          daemon [_thread_blocked, id=16452, stack(0x0000008c62000000,0x0000008c62100000) (1024K)]
  0x0000020dd69b04d0 JavaThread "Compiler Source File Reader" daemon [_thread_blocked, id=13820, stack(0x0000008c62100000,0x0000008c62200000) (1024K)]
  0x0000020dd69b0b60 JavaThread "Compiler Source File Reader" daemon [_thread_blocked, id=7620, stack(0x0000008c62200000,0x0000008c62300000) (1024K)]
  0x0000020dd85c2020 JavaThread "Compiler Processing Task"   daemon [_thread_blocked, id=17428, stack(0x0000008c62300000,0x0000008c62400000) (1024K)]
  0x0000020dd85be510 JavaThread "Compiler Class File Writer" daemon [_thread_blocked, id=3332, stack(0x0000008c62400000,0x0000008c62500000) (1024K)]
  0x0000020dd85bc440 JavaThread "Compiler Class File Writer" daemon [_thread_blocked, id=7740, stack(0x0000008c62500000,0x0000008c62600000) (1024K)]
  0x0000020dd85bff50 JavaThread "Timer-0"                           [_thread_blocked, id=14824, stack(0x0000008c62800000,0x0000008c62900000) (1024K)]
  0x0000020dd85c1300 JavaThread "Connection worker"                 [_thread_in_native, id=18696, stack(0x0000008c62900000,0x0000008c62a00000) (1024K)]
  0x0000020dd7d006e0 JavaThread "C2 CompilerThread1"         daemon [_thread_in_native, id=1148, stack(0x0000008c5f200000,0x0000008c5f300000) (1024K)]
Total: 46

Other Threads:
  0x0000020df534d440 VMThread "VM Thread"                           [id=15616, stack(0x0000008c5f700000,0x0000008c5f800000) (1024K)]
  0x0000020dfa55c8d0 WatcherThread "VM Periodic Task Thread"        [id=8324, stack(0x0000008c5f600000,0x0000008c5f700000) (1024K)]
  0x0000020df52ab080 WorkerThread "GC Thread#0"                     [id=16952, stack(0x0000008c5f500000,0x0000008c5f600000) (1024K)]
  0x0000020dd45c1510 WorkerThread "GC Thread#1"                     [id=8680, stack(0x0000008c60200000,0x0000008c60300000) (1024K)]
  0x0000020dd4446e70 WorkerThread "GC Thread#2"                     [id=18600, stack(0x0000008c60300000,0x0000008c60400000) (1024K)]
  0x0000020dd45a60f0 WorkerThread "GC Thread#3"                     [id=8540, stack(0x0000008c60400000,0x0000008c60500000) (1024K)]
Total: 6

Threads with active compile tasks:
C2 CompilerThread0  68857 13365       4       org.eclipse.jdt.internal.compiler.parser.Parser::consumeRule (7755 bytes)
C2 CompilerThread1  68857 13372   !   4       org.eclipse.jdt.internal.compiler.parser.Parser::parse (915 bytes)
Total: 2

VM state: at safepoint (normal execution)

VM Mutex/Monitor currently owned by a thread:  ([mutex/lock_event])
[0x00007ffc2e2be380] Threads_lock - owner thread: 0x0000020df534d440
[0x00007ffc2e2be480] Heap_lock - owner thread: 0x0000020dfa6308a0

Heap address: 0x00000000c0000000, size: 1024 MB, Compressed Oops mode: 32-bit

CDS archive(s) mapped at: [0x0000020d8f000000-0x0000020d8fba0000-0x0000020d8fba0000), size 12189696, SharedBaseAddress: 0x0000020d8f000000, ArchiveRelocationMode: 1.
Compressed class space mapped at: 0x0000020d90000000-0x0000020dd0000000, reserved size: 1073741824
Narrow klass base: 0x0000020d8f000000, Narrow klass shift: 0, Narrow klass range: 0x100000000

GC Precious Log:
 CardTable entry size: 512
 CPUs: 4 total, 4 available
 Memory: 8067M
 Large Page Support: Disabled
 NUMA Support: Disabled
 Compressed Oops: Enabled (32-bit)
 Alignments: Space 512K, Generation 512K, Heap 2M
 Heap Min Capacity: 100M
 Heap Initial Capacity: 100M
 Heap Max Capacity: 1G
 Pre-touch: Disabled
 Parallel Workers: 4

Heap:
 PSYoungGen      total 1024K, used 657K [0x00000000eab00000, 0x00000000ead00000, 0x0000000100000000)
  eden space 512K, 99% used [0x00000000eab00000,0x00000000eab7ffc8,0x00000000eab80000)
  from space 512K, 28% used [0x00000000eac80000,0x00000000eaca45f0,0x00000000ead00000)
  to   space 512K, 31% used [0x00000000eab80000,0x00000000eaba8000,0x00000000eac00000)
 ParOldGen       total 463360K, used 463357K [0x00000000c0000000, 0x00000000dc480000, 0x00000000eab00000)
  object space 463360K, 99% used [0x00000000c0000000,0x00000000dc47f638,0x00000000dc480000)
 Metaspace       used 64844K, committed 66176K, reserved 1114112K
  class space    used 6657K, committed 7232K, reserved 1048576K

Card table byte_map: [0x0000020df4c30000,0x0000020df4e40000] _byte_map_base: 0x0000020df4630000

Marking Bits: (ParMarkBitMap*) 0x00007ffc2e2c3260
 Begin Bits: [0x0000020df8480000, 0x0000020df9480000)
 End Bits:   [0x0000020df9480000, 0x0000020dfa480000)

Polling page: 0x0000020df3150000

Metaspace:

Usage:
  Non-class:     56.82 MB used.
      Class:      6.50 MB used.
       Both:     63.32 MB used.

Virtual space:
  Non-class space:       64.00 MB reserved,      57.56 MB ( 90%) committed,  1 nodes.
      Class space:        1.00 GB reserved,       7.06 MB ( <1%) committed,  1 nodes.
             Both:        1.06 GB reserved,      64.62 MB (  6%) committed. 

Chunk freelists:
   Non-Class:  5.95 MB
       Class:  8.77 MB
        Both:  14.72 MB

MaxMetaspaceSize: unlimited
CompressedClassSpaceSize: 1.00 GB
Initial GC threshold: 21.00 MB
Current GC threshold: 97.31 MB
CDS: on
 - commit_granule_bytes: 65536.
 - commit_granule_words: 8192.
 - virtual_space_node_default_size: 8388608.
 - enlarge_chunks_in_place: 1.
 - use_allocation_guard: 0.


Internal statistics:

num_allocs_failed_limit: 9.
num_arena_births: 1186.
num_arena_deaths: 24.
num_vsnodes_births: 2.
num_vsnodes_deaths: 0.
num_space_committed: 1034.
num_space_uncommitted: 0.
num_chunks_returned_to_freelist: 37.
num_chunks_taken_from_freelist: 4152.
num_chunk_merges: 12.
num_chunk_splits: 2624.
num_chunks_enlarged: 1617.
num_inconsistent_stats: 0.

CodeHeap 'non-profiled nmethods': size=120000Kb used=10754Kb max_used=10754Kb free=109245Kb
 bounds [0x0000020d87ad0000, 0x0000020d88560000, 0x0000020d8f000000]
CodeHeap 'profiled nmethods': size=120000Kb used=32697Kb max_used=32697Kb free=87302Kb
 bounds [0x0000020d80000000, 0x0000020d81ff0000, 0x0000020d87530000]
CodeHeap 'non-nmethods': size=5760Kb used=1428Kb max_used=1569Kb free=4331Kb
 bounds [0x0000020d87530000, 0x0000020d877a0000, 0x0000020d87ad0000]
 total_blobs=13316 nmethods=12579 adapters=641
 compilation: enabled
              stopped_count=0, restarted_count=0
 full_count=0

Compilation events (20 events):
Event: 68.595 Thread 0x0000020dfa5cb150 nmethod 13364 0x0000020d8854d810 code [0x0000020d8854d9c0, 0x0000020d8854dcc0]
Event: 68.596 Thread 0x0000020dfa5cb150 13368       4       org.eclipse.jdt.internal.core.search.indexing.AbstractIndexer::addIndexEntry (10 bytes)
Event: 68.596 Thread 0x0000020dd7d006e0 13372   !   4       org.eclipse.jdt.internal.compiler.parser.Parser::parse (915 bytes)
Event: 68.603 Thread 0x0000020dfa636c10 nmethod 13366 0x0000020d81fd4890 code [0x0000020d81fd5560, 0x0000020d81fdd400]
Event: 68.603 Thread 0x0000020dfa636c10 13371       3       org.eclipse.jdt.internal.core.index.MemoryIndex::addIndexEntry (118 bytes)
Event: 68.604 Thread 0x0000020dfa636c10 nmethod 13371 0x0000020d81fe0790 code [0x0000020d81fe09e0, 0x0000020d81fe1128]
Event: 68.614 Thread 0x0000020dfa636c10 13375       3       org.eclipse.jdt.internal.compiler.parser.Parser::consumeEmptyArgumentListopt (6 bytes)
Event: 68.614 Thread 0x0000020dfa636c10 nmethod 13375 0x0000020d81fe1410 code [0x0000020d81fe15c0, 0x0000020d81fe1788]
Event: 68.620 Thread 0x0000020dfa636c10 13376       2       org.eclipse.jdt.internal.compiler.parser.Parser::consumeToken (2229 bytes)
Event: 68.626 Thread 0x0000020dfa636c10 nmethod 13376 0x0000020d81fe1890 code [0x0000020d81fe23e0, 0x0000020d81fe5308]
Event: 68.627 Thread 0x0000020dfa636c10 13377       2       org.eclipse.jdt.internal.core.search.indexing.AbstractIndexer::addConstructorReference (58 bytes)
Event: 68.630 Thread 0x0000020dfa636c10 nmethod 13377 0x0000020d81fe6b10 code [0x0000020d81fe6ee0, 0x0000020d81fe7c78]
Event: 68.636 Thread 0x0000020dfa5cb150 nmethod 13368 0x0000020d8854df10 code [0x0000020d8854e240, 0x0000020d8854fb58]
Event: 68.636 Thread 0x0000020dfa5cb150 13369       4       org.eclipse.jdt.internal.core.search.indexing.AbstractIndexer::addNameReference (9 bytes)
Event: 68.637 Thread 0x0000020dfa5cb150 nmethod 13369 0x0000020d88550590 code [0x0000020d88550720, 0x0000020d885507e0]
Event: 68.637 Thread 0x0000020dfa5cb150 13365       4       org.eclipse.jdt.internal.compiler.parser.Parser::consumeRule (7755 bytes)
Event: 68.651 Thread 0x0000020dfa636c10 13380       3       org.eclipse.jdt.internal.core.search.matching.MethodDeclarationPattern::createDeclarationIndexKey (387 bytes)
Event: 68.654 Thread 0x0000020dfa636c10 nmethod 13380 0x0000020d81fe8810 code [0x0000020d81fe8b60, 0x0000020d81fea820]
Event: 68.658 Thread 0x0000020dfa636c10 13383       3       org.eclipse.jdt.internal.compiler.parser.Parser::consumeEmptyDimsopt (6 bytes)
Event: 68.658 Thread 0x0000020dfa636c10 nmethod 13383 0x0000020d81feb010 code [0x0000020d81feb1c0, 0x0000020d81feb388]

GC Heap History (20 events):
Event: 67.896 GC heap before
{Heap before GC invocations=491 (full 3):
 PSYoungGen      total 2048K, used 1696K [0x00000000eab00000, 0x00000000eae00000, 0x0000000100000000)
  eden space 1024K, 100% used [0x00000000eab00000,0x00000000eac00000,0x00000000eac00000)
  from space 1024K, 65% used [0x00000000eac00000,0x00000000eaca8000,0x00000000ead00000)
  to   space 1024K, 0% used [0x00000000ead00000,0x00000000ead00000,0x00000000eae00000)
 ParOldGen       total 460288K, used 459988K [0x00000000c0000000, 0x00000000dc180000, 0x00000000eab00000)
  object space 460288K, 99% used [0x00000000c0000000,0x00000000dc135048,0x00000000dc180000)
 Metaspace       used 64740K, committed 66112K, reserved 1114112K
  class space    used 6644K, committed 7232K, reserved 1048576K
}
Event: 67.899 GC heap after
{Heap after GC invocations=491 (full 3):
 PSYoungGen      total 2048K, used 608K [0x00000000eab00000, 0x00000000eae00000, 0x0000000100000000)
  eden space 1024K, 0% used [0x00000000eab00000,0x00000000eab00000,0x00000000eac00000)
  from space 1024K, 59% used [0x00000000ead00000,0x00000000ead98000,0x00000000eae00000)
  to   space 1024K, 0% used [0x00000000eac00000,0x00000000eac00000,0x00000000ead00000)
 ParOldGen       total 460800K, used 460596K [0x00000000c0000000, 0x00000000dc200000, 0x00000000eab00000)
  object space 460800K, 99% used [0x00000000c0000000,0x00000000dc1cd048,0x00000000dc200000)
 Metaspace       used 64740K, committed 66112K, reserved 1114112K
  class space    used 6644K, committed 7232K, reserved 1048576K
}
Event: 68.027 GC heap before
{Heap before GC invocations=492 (full 3):
 PSYoungGen      total 2048K, used 1631K [0x00000000eab00000, 0x00000000eae00000, 0x0000000100000000)
  eden space 1024K, 99% used [0x00000000eab00000,0x00000000eabfff90,0x00000000eac00000)
  from space 1024K, 59% used [0x00000000ead00000,0x00000000ead98000,0x00000000eae00000)
  to   space 1024K, 0% used [0x00000000eac00000,0x00000000eac00000,0x00000000ead00000)
 ParOldGen       total 460800K, used 460596K [0x00000000c0000000, 0x00000000dc200000, 0x00000000eab00000)
  object space 460800K, 99% used [0x00000000c0000000,0x00000000dc1cd048,0x00000000dc200000)
 Metaspace       used 64740K, committed 66112K, reserved 1114112K
  class space    used 6644K, committed 7232K, reserved 1048576K
}
Event: 68.030 GC heap after
{Heap after GC invocations=492 (full 3):
 PSYoungGen      total 2048K, used 160K [0x00000000eab00000, 0x00000000ead80000, 0x0000000100000000)
  eden space 1024K, 0% used [0x00000000eab00000,0x00000000eab00000,0x00000000eac00000)
  from space 1024K, 15% used [0x00000000eac00000,0x00000000eac28000,0x00000000ead00000)
  to   space 512K, 0% used [0x00000000ead00000,0x00000000ead00000,0x00000000ead80000)
 ParOldGen       total 461312K, used 461108K [0x00000000c0000000, 0x00000000dc280000, 0x00000000eab00000)
  object space 461312K, 99% used [0x00000000c0000000,0x00000000dc24d048,0x00000000dc280000)
 Metaspace       used 64740K, committed 66112K, reserved 1114112K
  class space    used 6644K, committed 7232K, reserved 1048576K
}
Event: 68.241 GC heap before
{Heap before GC invocations=493 (full 3):
 PSYoungGen      total 2048K, used 1183K [0x00000000eab00000, 0x00000000ead80000, 0x0000000100000000)
  eden space 1024K, 99% used [0x00000000eab00000,0x00000000eabfff10,0x00000000eac00000)
  from space 1024K, 15% used [0x00000000eac00000,0x00000000eac28000,0x00000000ead00000)
  to   space 512K, 0% used [0x00000000ead00000,0x00000000ead00000,0x00000000ead80000)
 ParOldGen       total 461312K, used 461108K [0x00000000c0000000, 0x00000000dc280000, 0x00000000eab00000)
  object space 461312K, 99% used [0x00000000c0000000,0x00000000dc24d048,0x00000000dc280000)
 Metaspace       used 64740K, committed 66112K, reserved 1114112K
  class space    used 6644K, committed 7232K, reserved 1048576K
}
Event: 68.245 GC heap after
{Heap after GC invocations=493 (full 3):
 PSYoungGen      total 1536K, used 128K [0x00000000eab00000, 0x00000000ead80000, 0x0000000100000000)
  eden space 1024K, 0% used [0x00000000eab00000,0x00000000eab00000,0x00000000eac00000)
  from space 512K, 25% used [0x00000000ead00000,0x00000000ead20000,0x00000000ead80000)
  to   space 512K, 0% used [0x00000000eac80000,0x00000000eac80000,0x00000000ead00000)
 ParOldGen       total 461312K, used 461188K [0x00000000c0000000, 0x00000000dc280000, 0x00000000eab00000)
  object space 461312K, 99% used [0x00000000c0000000,0x00000000dc261048,0x00000000dc280000)
 Metaspace       used 64740K, committed 66112K, reserved 1114112K
  class space    used 6644K, committed 7232K, reserved 1048576K
}
Event: 68.304 GC heap before
{Heap before GC invocations=494 (full 3):
 PSYoungGen      total 1536K, used 1152K [0x00000000eab00000, 0x00000000ead80000, 0x0000000100000000)
  eden space 1024K, 100% used [0x00000000eab00000,0x00000000eac00000,0x00000000eac00000)
  from space 512K, 25% used [0x00000000ead00000,0x00000000ead20000,0x00000000ead80000)
  to   space 512K, 0% used [0x00000000eac80000,0x00000000eac80000,0x00000000ead00000)
 ParOldGen       total 461312K, used 461188K [0x00000000c0000000, 0x00000000dc280000, 0x00000000eab00000)
  object space 461312K, 99% used [0x00000000c0000000,0x00000000dc261048,0x00000000dc280000)
 Metaspace       used 64740K, committed 66112K, reserved 1114112K
  class space    used 6644K, committed 7232K, reserved 1048576K
}
Event: 68.306 GC heap after
{Heap after GC invocations=494 (full 3):
 PSYoungGen      total 1536K, used 416K [0x00000000eab00000, 0x00000000ead80000, 0x0000000100000000)
  eden space 1024K, 0% used [0x00000000eab00000,0x00000000eab00000,0x00000000eac00000)
  from space 512K, 81% used [0x00000000eac80000,0x00000000eace8000,0x00000000ead00000)
  to   space 512K, 0% used [0x00000000ead00000,0x00000000ead00000,0x00000000ead80000)
 ParOldGen       total 461312K, used 461228K [0x00000000c0000000, 0x00000000dc280000, 0x00000000eab00000)
  object space 461312K, 99% used [0x00000000c0000000,0x00000000dc26b048,0x00000000dc280000)
 Metaspace       used 64740K, committed 66112K, reserved 1114112K
  class space    used 6644K, committed 7232K, reserved 1048576K
}
Event: 68.354 GC heap before
{Heap before GC invocations=495 (full 3):
 PSYoungGen      total 1536K, used 1429K [0x00000000eab00000, 0x00000000ead80000, 0x0000000100000000)
  eden space 1024K, 98% used [0x00000000eab00000,0x00000000eabfd5d0,0x00000000eac00000)
  from space 512K, 81% used [0x00000000eac80000,0x00000000eace8000,0x00000000ead00000)
  to   space 512K, 0% used [0x00000000ead00000,0x00000000ead00000,0x00000000ead80000)
 ParOldGen       total 461312K, used 461228K [0x00000000c0000000, 0x00000000dc280000, 0x00000000eab00000)
  object space 461312K, 99% used [0x00000000c0000000,0x00000000dc26b048,0x00000000dc280000)
 Metaspace       used 64740K, committed 66112K, reserved 1114112K
  class space    used 6644K, committed 7232K, reserved 1048576K
}
Event: 68.357 GC heap after
{Heap after GC invocations=495 (full 3):
 PSYoungGen      total 1024K, used 512K [0x00000000eab00000, 0x00000000eaf00000, 0x0000000100000000)
  eden space 512K, 0% used [0x00000000eab00000,0x00000000eab00000,0x00000000eab80000)
  from space 512K, 100% used [0x00000000ead00000,0x00000000ead80000,0x00000000ead80000)
  to   space 1536K, 0% used [0x00000000eab80000,0x00000000eab80000,0x00000000ead00000)
 ParOldGen       total 462336K, used 461900K [0x00000000c0000000, 0x00000000dc380000, 0x00000000eab00000)
  object space 462336K, 99% used [0x00000000c0000000,0x00000000dc313048,0x00000000dc380000)
 Metaspace       used 64740K, committed 66112K, reserved 1114112K
  class space    used 6644K, committed 7232K, reserved 1048576K
}
Event: 68.363 GC heap before
{Heap before GC invocations=496 (full 3):
 PSYoungGen      total 1024K, used 1018K [0x00000000eab00000, 0x00000000eaf00000, 0x0000000100000000)
  eden space 512K, 98% used [0x00000000eab00000,0x00000000eab7eaf8,0x00000000eab80000)
  from space 512K, 100% used [0x00000000ead00000,0x00000000ead80000,0x00000000ead80000)
  to   space 1536K, 0% used [0x00000000eab80000,0x00000000eab80000,0x00000000ead00000)
 ParOldGen       total 462336K, used 461900K [0x00000000c0000000, 0x00000000dc380000, 0x00000000eab00000)
  object space 462336K, 99% used [0x00000000c0000000,0x00000000dc313048,0x00000000dc380000)
 Metaspace       used 64740K, committed 66112K, reserved 1114112K
  class space    used 6644K, committed 7232K, reserved 1048576K
}
Event: 68.365 GC heap after
{Heap after GC invocations=496 (full 3):
 PSYoungGen      total 1024K, used 384K [0x00000000eab00000, 0x00000000ead80000, 0x0000000100000000)
  eden space 512K, 0% used [0x00000000eab00000,0x00000000eab00000,0x00000000eab80000)
  from space 512K, 75% used [0x00000000eab80000,0x00000000eabe0000,0x00000000eac00000)
  to   space 1024K, 0% used [0x00000000eac80000,0x00000000eac80000,0x00000000ead80000)
 ParOldGen       total 462848K, used 462428K [0x00000000c0000000, 0x00000000dc400000, 0x00000000eab00000)
  object space 462848K, 99% used [0x00000000c0000000,0x00000000dc397048,0x00000000dc400000)
 Metaspace       used 64740K, committed 66112K, reserved 1114112K
  class space    used 6644K, committed 7232K, reserved 1048576K
}
Event: 68.367 GC heap before
{Heap before GC invocations=497 (full 3):
 PSYoungGen      total 1024K, used 896K [0x00000000eab00000, 0x00000000ead80000, 0x0000000100000000)
  eden space 512K, 100% used [0x00000000eab00000,0x00000000eab80000,0x00000000eab80000)
  from space 512K, 75% used [0x00000000eab80000,0x00000000eabe0000,0x00000000eac00000)
  to   space 1024K, 0% used [0x00000000eac80000,0x00000000eac80000,0x00000000ead80000)
 ParOldGen       total 462848K, used 462428K [0x00000000c0000000, 0x00000000dc400000, 0x00000000eab00000)
  object space 462848K, 99% used [0x00000000c0000000,0x00000000dc397048,0x00000000dc400000)
 Metaspace       used 64740K, committed 66112K, reserved 1114112K
  class space    used 6644K, committed 7232K, reserved 1048576K
}
Event: 68.369 GC heap after
{Heap after GC invocations=497 (full 3):
 PSYoungGen      total 1024K, used 352K [0x00000000eab00000, 0x00000000ead00000, 0x0000000100000000)
  eden space 512K, 0% used [0x00000000eab00000,0x00000000eab00000,0x00000000eab80000)
  from space 512K, 68% used [0x00000000eac80000,0x00000000eacd8000,0x00000000ead00000)
  to   space 512K, 0% used [0x00000000eab80000,0x00000000eab80000,0x00000000eac00000)
 ParOldGen       total 462848K, used 462740K [0x00000000c0000000, 0x00000000dc400000, 0x00000000eab00000)
  object space 462848K, 99% used [0x00000000c0000000,0x00000000dc3e5048,0x00000000dc400000)
 Metaspace       used 64740K, committed 66112K, reserved 1114112K
  class space    used 6644K, committed 7232K, reserved 1048576K
}
Event: 68.374 GC heap before
{Heap before GC invocations=498 (full 3):
 PSYoungGen      total 1024K, used 864K [0x00000000eab00000, 0x00000000ead00000, 0x0000000100000000)
  eden space 512K, 100% used [0x00000000eab00000,0x00000000eab80000,0x00000000eab80000)
  from space 512K, 68% used [0x00000000eac80000,0x00000000eacd8000,0x00000000ead00000)
  to   space 512K, 0% used [0x00000000eab80000,0x00000000eab80000,0x00000000eac00000)
 ParOldGen       total 462848K, used 462740K [0x00000000c0000000, 0x00000000dc400000, 0x00000000eab00000)
  object space 462848K, 99% used [0x00000000c0000000,0x00000000dc3e5048,0x00000000dc400000)
 Metaspace       used 64740K, committed 66112K, reserved 1114112K
  class space    used 6644K, committed 7232K, reserved 1048576K
}
Event: 68.379 GC heap after
{Heap after GC invocations=498 (full 3):
 PSYoungGen      total 1024K, used 256K [0x00000000eab00000, 0x00000000ead00000, 0x0000000100000000)
  eden space 512K, 0% used [0x00000000eab00000,0x00000000eab00000,0x00000000eab80000)
  from space 512K, 50% used [0x00000000eab80000,0x00000000eabc0000,0x00000000eac00000)
  to   space 512K, 0% used [0x00000000eac80000,0x00000000eac80000,0x00000000ead00000)
 ParOldGen       total 463360K, used 462996K [0x00000000c0000000, 0x00000000dc480000, 0x00000000eab00000)
  object space 463360K, 99% used [0x00000000c0000000,0x00000000dc425048,0x00000000dc480000)
 Metaspace       used 64740K, committed 66112K, reserved 1114112K
  class space    used 6644K, committed 7232K, reserved 1048576K
}
Event: 68.483 GC heap before
{Heap before GC invocations=499 (full 3):
 PSYoungGen      total 1024K, used 768K [0x00000000eab00000, 0x00000000ead00000, 0x0000000100000000)
  eden space 512K, 100% used [0x00000000eab00000,0x00000000eab80000,0x00000000eab80000)
  from space 512K, 50% used [0x00000000eab80000,0x00000000eabc0000,0x00000000eac00000)
  to   space 512K, 0% used [0x00000000eac80000,0x00000000eac80000,0x00000000ead00000)
 ParOldGen       total 463360K, used 462996K [0x00000000c0000000, 0x00000000dc480000, 0x00000000eab00000)
  object space 463360K, 99% used [0x00000000c0000000,0x00000000dc425048,0x00000000dc480000)
 Metaspace       used 64741K, committed 66112K, reserved 1114112K
  class space    used 6644K, committed 7232K, reserved 1048576K
}
Event: 68.487 GC heap after
{Heap after GC invocations=499 (full 3):
 PSYoungGen      total 1024K, used 160K [0x00000000eab00000, 0x00000000ead00000, 0x0000000100000000)
  eden space 512K, 0% used [0x00000000eab00000,0x00000000eab00000,0x00000000eab80000)
  from space 512K, 31% used [0x00000000eac80000,0x00000000eaca8000,0x00000000ead00000)
  to   space 512K, 0% used [0x00000000eab80000,0x00000000eab80000,0x00000000eac00000)
 ParOldGen       total 463360K, used 463204K [0x00000000c0000000, 0x00000000dc480000, 0x00000000eab00000)
  object space 463360K, 99% used [0x00000000c0000000,0x00000000dc459048,0x00000000dc480000)
 Metaspace       used 64741K, committed 66112K, reserved 1114112K
  class space    used 6644K, committed 7232K, reserved 1048576K
}
Event: 68.580 GC heap before
{Heap before GC invocations=500 (full 3):
 PSYoungGen      total 1024K, used 662K [0x00000000eab00000, 0x00000000ead00000, 0x0000000100000000)
  eden space 512K, 98% used [0x00000000eab00000,0x00000000eab7db70,0x00000000eab80000)
  from space 512K, 31% used [0x00000000eac80000,0x00000000eaca8000,0x00000000ead00000)
  to   space 512K, 0% used [0x00000000eab80000,0x00000000eab80000,0x00000000eac00000)
 ParOldGen       total 463360K, used 463204K [0x00000000c0000000, 0x00000000dc480000, 0x00000000eab00000)
  object space 463360K, 99% used [0x00000000c0000000,0x00000000dc459048,0x00000000dc480000)
 Metaspace       used 64812K, committed 66176K, reserved 1114112K
  class space    used 6655K, committed 7232K, reserved 1048576K
}
Event: 68.581 GC heap after
{Heap after GC invocations=500 (full 3):
 PSYoungGen      total 1024K, used 128K [0x00000000eab00000, 0x00000000ead00000, 0x0000000100000000)
  eden space 512K, 0% used [0x00000000eab00000,0x00000000eab00000,0x00000000eab80000)
  from space 512K, 25% used [0x00000000eab80000,0x00000000eaba0000,0x00000000eac00000)
  to   space 512K, 0% used [0x00000000eac80000,0x00000000eac80000,0x00000000ead00000)
 ParOldGen       total 463360K, used 463276K [0x00000000c0000000, 0x00000000dc480000, 0x00000000eab00000)
  object space 463360K, 99% used [0x00000000c0000000,0x00000000dc46b048,0x00000000dc480000)
 Metaspace       used 64812K, committed 66176K, reserved 1114112K
  class space    used 6655K, committed 7232K, reserved 1048576K
}

Dll operation events (11 events):
Event: 0.019 Loaded shared library c:\Users\Luan_\.vscode\extensions\redhat.java-1.40.0-win32-x64\jre\21.0.6-win32-x86_64\bin\java.dll
Event: 0.232 Loaded shared library c:\Users\Luan_\.vscode\extensions\redhat.java-1.40.0-win32-x64\jre\21.0.6-win32-x86_64\bin\zip.dll
Event: 0.288 Loaded shared library C:\Users\Luan_\.vscode\extensions\redhat.java-1.40.0-win32-x64\jre\21.0.6-win32-x86_64\bin\instrument.dll
Event: 0.297 Loaded shared library C:\Users\Luan_\.vscode\extensions\redhat.java-1.40.0-win32-x64\jre\21.0.6-win32-x86_64\bin\net.dll
Event: 0.301 Loaded shared library C:\Users\Luan_\.vscode\extensions\redhat.java-1.40.0-win32-x64\jre\21.0.6-win32-x86_64\bin\nio.dll
Event: 0.307 Loaded shared library C:\Users\Luan_\.vscode\extensions\redhat.java-1.40.0-win32-x64\jre\21.0.6-win32-x86_64\bin\zip.dll
Event: 0.353 Loaded shared library C:\Users\Luan_\.vscode\extensions\redhat.java-1.40.0-win32-x64\jre\21.0.6-win32-x86_64\bin\jimage.dll
Event: 0.627 Loaded shared library c:\Users\Luan_\.vscode\extensions\redhat.java-1.40.0-win32-x64\jre\21.0.6-win32-x86_64\bin\verify.dll
Event: 11.785 Loaded shared library C:\Users\Luan_\AppData\Roaming\Code\User\globalStorage\redhat.java\1.40.0\config_win\org.eclipse.equinox.launcher\org.eclipse.equinox.launcher.win32.win32.x86_64_1.2.1200.v20250212-0927\eclipse_11909.dll
Event: 24.381 Loaded shared library C:\Users\Luan_\AppData\Local\Temp\jna-634802153\jna9509241235053469228.dll
Event: 60.028 Loaded shared library C:\Users\Luan_\.gradle\native\1def1411415f61bf3af743bc5b6707747c0891f09f0c88961ee8f79bc544acac\windows-amd64\native-platform.dll

Deoptimization events (20 events):
Event: 68.623 Thread 0x0000020dfa6308a0 Uncommon trap: trap_request=0xffffff45 fr.pc=0x0000020d881441e4 relative=0x0000000000000144
Event: 68.623 Thread 0x0000020dfa6308a0 Uncommon trap: reason=unstable_if action=reinterpret pc=0x0000020d881441e4 method=org.eclipse.jdt.internal.core.search.matching.SuperTypeReferencePattern.createIndexKey(I[C[C[[C[[CC[CC)[C @ 26 c2
Event: 68.623 Thread 0x0000020dfa6308a0 DEOPT PACKING pc=0x0000020d881441e4 sp=0x0000008c611fed10
Event: 68.623 Thread 0x0000020dfa6308a0 DEOPT UNPACKING pc=0x0000020d87583aa2 sp=0x0000008c611fec88 mode 2
Event: 68.650 Thread 0x0000020dfa6308a0 Uncommon trap: trap_request=0xffffff45 fr.pc=0x0000020d88205adc relative=0x000000000000141c
Event: 68.650 Thread 0x0000020dfa6308a0 Uncommon trap: reason=unstable_if action=reinterpret pc=0x0000020d88205adc method=org.eclipse.jdt.internal.core.search.matching.ConstructorPattern.createDeclarationIndexKey([CI[C[[C[[CI[CII)[C @ 51 c2
Event: 68.650 Thread 0x0000020dfa6308a0 DEOPT PACKING pc=0x0000020d88205adc sp=0x0000008c611fedd0
Event: 68.650 Thread 0x0000020dfa6308a0 DEOPT UNPACKING pc=0x0000020d87583aa2 sp=0x0000008c611fed68 mode 2
Event: 68.651 Thread 0x0000020dfa6308a0 Uncommon trap: trap_request=0xffffff45 fr.pc=0x0000020d87f1a1a0 relative=0x0000000000001780
Event: 68.651 Thread 0x0000020dfa6308a0 Uncommon trap: reason=unstable_if action=reinterpret pc=0x0000020d87f1a1a0 method=org.eclipse.jdt.internal.core.search.matching.MethodDeclarationPattern.createDeclarationIndexKey([C[C[CI[C[[C[[C[CI[CII)[C @ 43 c2
Event: 68.651 Thread 0x0000020dfa6308a0 DEOPT PACKING pc=0x0000020d87f1a1a0 sp=0x0000008c611fed80
Event: 68.651 Thread 0x0000020dfa6308a0 DEOPT UNPACKING pc=0x0000020d87583aa2 sp=0x0000008c611fed50 mode 2
Event: 68.651 Thread 0x0000020dfa6308a0 Uncommon trap: trap_request=0xffffff45 fr.pc=0x0000020d87f209a4 relative=0x0000000000000104
Event: 68.651 Thread 0x0000020dfa6308a0 Uncommon trap: reason=unstable_if action=reinterpret pc=0x0000020d87f209a4 method=org.eclipse.jdt.internal.core.search.matching.MethodDeclarationPattern.getTypeErasure([C)[C @ 9 c2
Event: 68.651 Thread 0x0000020dfa6308a0 DEOPT PACKING pc=0x0000020d87f209a4 sp=0x0000008c611fed80
Event: 68.651 Thread 0x0000020dfa6308a0 DEOPT UNPACKING pc=0x0000020d87583aa2 sp=0x0000008c611fecf0 mode 2
Event: 68.656 Thread 0x0000020dfa6308a0 Uncommon trap: trap_request=0xffffff66 fr.pc=0x0000020d88278b74 relative=0x00000000000022b4
Event: 68.656 Thread 0x0000020dfa6308a0 Uncommon trap: reason=speculate_class_check action=maybe_recompile pc=0x0000020d88278b74 method=org.eclipse.jdt.internal.compiler.parser.Parser.parse()V @ 639 c2
Event: 68.656 Thread 0x0000020dfa6308a0 DEOPT PACKING pc=0x0000020d88278b74 sp=0x0000008c611fef40
Event: 68.656 Thread 0x0000020dfa6308a0 DEOPT UNPACKING pc=0x0000020d87583aa2 sp=0x0000008c611fef08 mode 2

Classes loaded (20 events):
Event: 58.235 Loading class java/nio/file/FileChannelLinesSpliterator
Event: 58.235 Loading class java/nio/file/FileChannelLinesSpliterator done
Event: 58.236 Loading class java/util/stream/Streams$1
Event: 58.236 Loading class java/util/stream/Streams$1 done
Event: 58.238 Loading class java/nio/file/FileChannelLinesSpliterator$1
Event: 58.238 Loading class java/nio/file/FileChannelLinesSpliterator$1 done
Event: 58.489 Loading class java/util/concurrent/CopyOnWriteArraySet
Event: 58.491 Loading class java/util/concurrent/CopyOnWriteArraySet done
Event: 58.730 Loading class java/net/HttpURLConnection
Event: 58.731 Loading class java/net/HttpURLConnection done
Event: 58.753 Loading class java/io/FileFilter
Event: 58.753 Loading class java/io/FileFilter done
Event: 58.852 Loading class java/util/concurrent/ConcurrentHashMap$ValueSpliterator
Event: 58.863 Loading class java/util/concurrent/ConcurrentHashMap$ValueSpliterator done
Event: 58.865 Loading class jdk/internal/loader/BootLoader$PackageHelper
Event: 58.868 Loading class jdk/internal/loader/BootLoader$PackageHelper done
Event: 60.000 Loading class java/lang/Class$EnclosingMethodInfo
Event: 60.000 Loading class java/lang/Class$EnclosingMethodInfo done
Event: 68.522 Loading class sun/nio/fs/WindowsFileCopy
Event: 68.523 Loading class sun/nio/fs/WindowsFileCopy done

Classes unloaded (12 events):
Event: 25.652 Thread 0x0000020df534d440 Unloading class 0x0000020d9019a400 'java/lang/invoke/LambdaForm$MH+0x0000020d9019a400'
Event: 25.652 Thread 0x0000020df534d440 Unloading class 0x0000020d9019a000 'java/lang/invoke/LambdaForm$MH+0x0000020d9019a000'
Event: 25.652 Thread 0x0000020df534d440 Unloading class 0x0000020d90199c00 'java/lang/invoke/LambdaForm$MH+0x0000020d90199c00'
Event: 25.652 Thread 0x0000020df534d440 Unloading class 0x0000020d90199800 'java/lang/invoke/LambdaForm$MH+0x0000020d90199800'
Event: 25.652 Thread 0x0000020df534d440 Unloading class 0x0000020d90199400 'java/lang/invoke/LambdaForm$BMH+0x0000020d90199400'
Event: 25.652 Thread 0x0000020df534d440 Unloading class 0x0000020d90199000 'java/lang/invoke/LambdaForm$DMH+0x0000020d90199000'
Event: 25.652 Thread 0x0000020df534d440 Unloading class 0x0000020d90197c00 'java/lang/invoke/LambdaForm$DMH+0x0000020d90197c00'
Event: 27.359 Thread 0x0000020df534d440 Unloading class 0x0000020d9030e400 'java/lang/invoke/LambdaForm$MH+0x0000020d9030e400'
Event: 27.359 Thread 0x0000020df534d440 Unloading class 0x0000020d9030d800 'java/lang/invoke/LambdaForm$MH+0x0000020d9030d800'
Event: 27.359 Thread 0x0000020df534d440 Unloading class 0x0000020d9030d000 'java/lang/invoke/LambdaForm$MH+0x0000020d9030d000'
Event: 27.359 Thread 0x0000020df534d440 Unloading class 0x0000020d9030cc00 'java/lang/invoke/LambdaForm$MH+0x0000020d9030cc00'
Event: 27.359 Thread 0x0000020df534d440 Unloading class 0x0000020d9030c400 'java/lang/invoke/LambdaForm$DMH+0x0000020d9030c400'

Classes redefined (0 events):
No events

Internal exceptions (20 events):
Event: 57.726 Thread 0x0000020dd69b4d00 Exception <a 'sun/nio/fs/WindowsException'{0x00000000eac6a050}> (0x00000000eac6a050) 
thrown [s\src\hotspot\share\prims\jni.cpp, line 520]
Event: 57.727 Thread 0x0000020dd69b4d00 Exception <a 'sun/nio/fs/WindowsException'{0x00000000eac95d20}> (0x00000000eac95d20) 
thrown [s\src\hotspot\share\prims\jni.cpp, line 520]
Event: 57.727 Thread 0x0000020dd69b4d00 Exception <a 'sun/nio/fs/WindowsException'{0x00000000eac96310}> (0x00000000eac96310) 
thrown [s\src\hotspot\share\prims\jni.cpp, line 520]
Event: 57.727 Thread 0x0000020dd69b4d00 Exception <a 'sun/nio/fs/WindowsException'{0x00000000eac96900}> (0x00000000eac96900) 
thrown [s\src\hotspot\share\prims\jni.cpp, line 520]
Event: 57.727 Thread 0x0000020dd69b4d00 Exception <a 'sun/nio/fs/WindowsException'{0x00000000eaca3ae0}> (0x00000000eaca3ae0) 
thrown [s\src\hotspot\share\prims\jni.cpp, line 520]
Event: 58.219 Thread 0x0000020dd69b4d00 Exception <a 'sun/nio/fs/WindowsException'{0x00000000ead80178}> (0x00000000ead80178) 
thrown [s\src\hotspot\share\prims\jni.cpp, line 520]
Event: 58.219 Thread 0x0000020dd69b4d00 Exception <a 'sun/nio/fs/WindowsException'{0x00000000ead80980}> (0x00000000ead80980) 
thrown [s\src\hotspot\share\prims\jni.cpp, line 520]
Event: 58.219 Thread 0x0000020dd69b4d00 Exception <a 'sun/nio/fs/WindowsException'{0x00000000ead80f40}> (0x00000000ead80f40) 
thrown [s\src\hotspot\share\prims\jni.cpp, line 520]
Event: 58.220 Thread 0x0000020dd69b4d00 Exception <a 'sun/nio/fs/WindowsException'{0x00000000ead81518}> (0x00000000ead81518) 
thrown [s\src\hotspot\share\prims\jni.cpp, line 520]
Event: 58.221 Thread 0x0000020dd69b4d00 Exception <a 'sun/nio/fs/WindowsException'{0x00000000eadb89f0}> (0x00000000eadb89f0) 
thrown [s\src\hotspot\share\prims\jni.cpp, line 520]
Event: 58.221 Thread 0x0000020dd69b4d00 Exception <a 'sun/nio/fs/WindowsException'{0x00000000eadb8fe0}> (0x00000000eadb8fe0) 
thrown [s\src\hotspot\share\prims\jni.cpp, line 520]
Event: 58.221 Thread 0x0000020dd69b4d00 Exception <a 'sun/nio/fs/WindowsException'{0x00000000eadb95d0}> (0x00000000eadb95d0) 
thrown [s\src\hotspot\share\prims\jni.cpp, line 520]
Event: 58.221 Thread 0x0000020dd69b4d00 Exception <a 'sun/nio/fs/WindowsException'{0x00000000eadb9bd8}> (0x00000000eadb9bd8) 
thrown [s\src\hotspot\share\prims\jni.cpp, line 520]
Event: 58.226 Thread 0x0000020dd69b4d00 Exception <a 'sun/nio/fs/WindowsException'{0x00000000eab01538}> (0x00000000eab01538) 
thrown [s\src\hotspot\share\prims\jni.cpp, line 520]
Event: 58.226 Thread 0x0000020dd69b4d00 Exception <a 'sun/nio/fs/WindowsException'{0x00000000eab01b08}> (0x00000000eab01b08) 
thrown [s\src\hotspot\share\prims\jni.cpp, line 520]
Event: 58.226 Thread 0x0000020dd69b4d00 Exception <a 'sun/nio/fs/WindowsException'{0x00000000eab020d8}> (0x00000000eab020d8) 
thrown [s\src\hotspot\share\prims\jni.cpp, line 520]
Event: 58.226 Thread 0x0000020dd69b4d00 Exception <a 'sun/nio/fs/WindowsException'{0x00000000eab1bfc0}> (0x00000000eab1bfc0) 
thrown [s\src\hotspot\share\prims\jni.cpp, line 520]
Event: 58.494 Thread 0x0000020dd69b4d00 Exception <a 'java/lang/NoSuchMethodError'{0x00000000ead91630}: 'java.lang.Object java.lang.invoke.DirectMethodHandle$Holder.invokeVirtual(java.lang.Object, java.lang.Object, java.lang.Object, java.lang.Object)'> (0x00000000ead91630) 
thrown [s\src\hotspot\share\interpreter\linkResolver.cpp, line 773]
Event: 58.500 Thread 0x0000020dd69b4d00 Exception <a 'java/lang/NoSuchMethodError'{0x00000000eab493b8}: 'java.lang.Object java.lang.invoke.DirectMethodHandle$Holder.invokeVirtual(java.lang.Object, java.lang.Object, java.lang.Object, java.lang.Object, java.lang.Object)'> (0x00000000eab493b8) 
thrown [s\src\hotspot\share\interpreter\linkResolver.cpp, line 773]
Event: 68.523 Thread 0x0000020dfa6308a0 Exception <a 'sun/nio/fs/WindowsException'{0x00000000eab25f88}> (0x00000000eab25f88) 
thrown [s\src\hotspot\share\prims\jni.cpp, line 520]

ZGC Phase Switch (0 events):
No events

VM Operations (20 events):
Event: 68.241 Executing VM operation: ParallelGCFailedAllocation (Allocation Failure)
Event: 68.245 Executing VM operation: ParallelGCFailedAllocation (Allocation Failure) done
Event: 68.304 Executing VM operation: ParallelGCFailedAllocation (Allocation Failure)
Event: 68.306 Executing VM operation: ParallelGCFailedAllocation (Allocation Failure) done
Event: 68.354 Executing VM operation: ParallelGCFailedAllocation (Allocation Failure)
Event: 68.357 Executing VM operation: ParallelGCFailedAllocation (Allocation Failure) done
Event: 68.363 Executing VM operation: ParallelGCFailedAllocation (Allocation Failure)
Event: 68.365 Executing VM operation: ParallelGCFailedAllocation (Allocation Failure) done
Event: 68.367 Executing VM operation: ParallelGCFailedAllocation (Allocation Failure)
Event: 68.369 Executing VM operation: ParallelGCFailedAllocation (Allocation Failure) done
Event: 68.374 Executing VM operation: ParallelGCFailedAllocation (Allocation Failure)
Event: 68.379 Executing VM operation: ParallelGCFailedAllocation (Allocation Failure) done
Event: 68.483 Executing VM operation: ParallelGCFailedAllocation (Allocation Failure)
Event: 68.487 Executing VM operation: ParallelGCFailedAllocation (Allocation Failure) done
Event: 68.572 Executing VM operation: HandshakeAllThreads (Deoptimize)
Event: 68.572 Executing VM operation: HandshakeAllThreads (Deoptimize) done
Event: 68.579 Executing VM operation: HandshakeAllThreads (Deoptimize)
Event: 68.579 Executing VM operation: HandshakeAllThreads (Deoptimize) done
Event: 68.580 Executing VM operation: ParallelGCFailedAllocation (Allocation Failure)
Event: 68.581 Executing VM operation: ParallelGCFailedAllocation (Allocation Failure) done

Memory protections (0 events):
No events

Nmethod flushes (20 events):
Event: 50.508 Thread 0x0000020df534d440 flushing  nmethod 0x0000020d808f7590
Event: 50.508 Thread 0x0000020df534d440 flushing  nmethod 0x0000020d808fb310
Event: 50.508 Thread 0x0000020df534d440 flushing  nmethod 0x0000020d808fdb90
Event: 50.508 Thread 0x0000020df534d440 flushing  nmethod 0x0000020d80922790
Event: 50.508 Thread 0x0000020df534d440 flushing  nmethod 0x0000020d80922a90
Event: 50.508 Thread 0x0000020df534d440 flushing  nmethod 0x0000020d80923390
Event: 50.508 Thread 0x0000020df534d440 flushing  nmethod 0x0000020d80923710
Event: 50.508 Thread 0x0000020df534d440 flushing  nmethod 0x0000020d8093bd90
Event: 50.508 Thread 0x0000020df534d440 flushing  nmethod 0x0000020d8094dd90
Event: 50.508 Thread 0x0000020df534d440 flushing  nmethod 0x0000020d80950010
Event: 50.508 Thread 0x0000020df534d440 flushing  nmethod 0x0000020d80955390
Event: 50.508 Thread 0x0000020df534d440 flushing  nmethod 0x0000020d80956e10
Event: 50.508 Thread 0x0000020df534d440 flushing  nmethod 0x0000020d80957b10
Event: 50.508 Thread 0x0000020df534d440 flushing  nmethod 0x0000020d8096f910
Event: 50.508 Thread 0x0000020df534d440 flushing  nmethod 0x0000020d80971410
Event: 50.508 Thread 0x0000020df534d440 flushing  nmethod 0x0000020d80972d10
Event: 50.508 Thread 0x0000020df534d440 flushing  nmethod 0x0000020d80975490
Event: 50.508 Thread 0x0000020df534d440 flushing  nmethod 0x0000020d8097de90
Event: 50.508 Thread 0x0000020df534d440 flushing  nmethod 0x0000020d8097fa10
Event: 50.508 Thread 0x0000020df534d440 flushing  nmethod 0x0000020d80980790

Events (20 events):
Event: 38.755 Thread 0x0000020dfa636c10 Thread added: 0x0000020dd699d990
Event: 40.710 Thread 0x0000020dd699d990 Thread exited: 0x0000020dd699d990
Event: 40.889 Thread 0x0000020dfa636c10 Thread added: 0x0000020dd699e060
Event: 46.277 Thread 0x0000020dd699e060 Thread exited: 0x0000020dd699e060
Event: 47.237 Thread 0x0000020dfa636c10 Thread added: 0x0000020dd699be50
Event: 47.990 Thread 0x0000020dd69b4d00 Thread added: 0x0000020dd85c2020
Event: 48.143 Thread 0x0000020dd69b4d00 Thread added: 0x0000020dd85be510
Event: 48.529 Thread 0x0000020dd69b4d00 Thread added: 0x0000020dd85bc440
Event: 58.394 Thread 0x0000020dd69b4d00 Thread added: 0x0000020dd85bff50
Event: 58.635 Thread 0x0000020dd69b4d00 Thread added: 0x0000020dd85c1300
Event: 59.541 Thread 0x0000020dd699be50 Thread exited: 0x0000020dd699be50
Event: 59.571 Thread 0x0000020dfa636c10 Thread added: 0x0000020dd699be50
Event: 60.598 Thread 0x0000020dd699be50 Thread exited: 0x0000020dd699be50
Event: 61.533 Thread 0x0000020dfa636c10 Thread added: 0x0000020dd7cfeba0
Event: 61.721 Thread 0x0000020dd7cfeba0 Thread exited: 0x0000020dd7cfeba0
Event: 65.616 Thread 0x0000020dfa636c10 Thread added: 0x0000020dd7cff940
Event: 66.850 Thread 0x0000020dd7cff940 Thread exited: 0x0000020dd7cff940
Event: 67.807 Thread 0x0000020dfa5cb150 Thread added: 0x0000020dd7cfd730
Event: 68.347 Thread 0x0000020dd7cfd730 Thread exited: 0x0000020dd7cfd730
Event: 68.595 Thread 0x0000020dfa5cb150 Thread added: 0x0000020dd7d006e0


Dynamic libraries:
0x00007ff6f8f90000 - 0x00007ff6f8f9e000 	c:\Users\Luan_\.vscode\extensions\redhat.java-1.40.0-win32-x64\jre\21.0.6-win32-x86_64\bin\java.exe
0x00007ffcb34f0000 - 0x00007ffcb3707000 	C:\Windows\SYSTEM32\ntdll.dll
0x00007ffcb2b70000 - 0x00007ffcb2c34000 	C:\Windows\System32\KERNEL32.DLL
0x00007ffcb0d40000 - 0x00007ffcb10f7000 	C:\Windows\System32\KERNELBASE.dll
0x00007ffcb1100000 - 0x00007ffcb1211000 	C:\Windows\System32\ucrtbase.dll
0x00007ffcac480000 - 0x00007ffcac498000 	c:\Users\Luan_\.vscode\extensions\redhat.java-1.40.0-win32-x64\jre\21.0.6-win32-x86_64\bin\jli.dll
0x00007ffcb2820000 - 0x00007ffcb29cf000 	C:\Windows\System32\USER32.dll
0x00007ffcb0aa0000 - 0x00007ffcb0ac6000 	C:\Windows\System32\win32u.dll
0x00007ffcb1320000 - 0x00007ffcb1349000 	C:\Windows\System32\GDI32.dll
0x00007ffcb0bf0000 - 0x00007ffcb0d08000 	C:\Windows\System32\gdi32full.dll
0x00007ffcb0ad0000 - 0x00007ffcb0b6a000 	C:\Windows\System32\msvcp_win.dll
0x00007ffcac630000 - 0x00007ffcac64e000 	c:\Users\Luan_\.vscode\extensions\redhat.java-1.40.0-win32-x64\jre\21.0.6-win32-x86_64\bin\VCRUNTIME140.dll
0x00007ffc96190000 - 0x00007ffc96423000 	C:\Windows\WinSxS\amd64_microsoft.windows.common-controls_6595b64144ccf1df_6.0.22621.3672_none_2713b9d173822955\COMCTL32.dll
0x00007ffcb1c50000 - 0x00007ffcb1cf7000 	C:\Windows\System32\msvcrt.dll
0x00007ffcb1b90000 - 0x00007ffcb1bc1000 	C:\Windows\System32\IMM32.DLL
0x00007ffcacc70000 - 0x00007ffcacc7c000 	c:\Users\Luan_\.vscode\extensions\redhat.java-1.40.0-win32-x64\jre\21.0.6-win32-x86_64\bin\vcruntime140_1.dll
0x00007ffc82ae0000 - 0x00007ffc82b6d000 	c:\Users\Luan_\.vscode\extensions\redhat.java-1.40.0-win32-x64\jre\21.0.6-win32-x86_64\bin\msvcp140.dll
0x00007ffc2d610000 - 0x00007ffc2e3a0000 	c:\Users\Luan_\.vscode\extensions\redhat.java-1.40.0-win32-x64\jre\21.0.6-win32-x86_64\bin\server\jvm.dll
0x00007ffcb19d0000 - 0x00007ffcb1a82000 	C:\Windows\System32\ADVAPI32.dll
0x00007ffcb2ac0000 - 0x00007ffcb2b68000 	C:\Windows\System32\sechost.dll
0x00007ffcb0d10000 - 0x00007ffcb0d38000 	C:\Windows\System32\bcrypt.dll
0x00007ffcb26a0000 - 0x00007ffcb27b4000 	C:\Windows\System32\RPCRT4.dll
0x00007ffcb2110000 - 0x00007ffcb2181000 	C:\Windows\System32\WS2_32.dll
0x00007ffcaf6b0000 - 0x00007ffcaf6fd000 	C:\Windows\SYSTEM32\POWRPROF.dll
0x00007ffcaa400000 - 0x00007ffcaa434000 	C:\Windows\SYSTEM32\WINMM.dll
0x00007ffcab790000 - 0x00007ffcab79a000 	C:\Windows\SYSTEM32\VERSION.dll
0x00007ffcaf690000 - 0x00007ffcaf6a3000 	C:\Windows\SYSTEM32\UMPDC.dll
0x00007ffcaf940000 - 0x00007ffcaf958000 	C:\Windows\SYSTEM32\kernel.appcore.dll
0x00007ffcac560000 - 0x00007ffcac56a000 	c:\Users\Luan_\.vscode\extensions\redhat.java-1.40.0-win32-x64\jre\21.0.6-win32-x86_64\bin\jimage.dll
0x00007ffca46c0000 - 0x00007ffca48f2000 	C:\Windows\SYSTEM32\DBGHELP.DLL
0x00007ffcb1370000 - 0x00007ffcb16fe000 	C:\Windows\System32\combase.dll
0x00007ffcb29d0000 - 0x00007ffcb2aa7000 	C:\Windows\System32\OLEAUT32.dll
0x00007ffc98ae0000 - 0x00007ffc98b12000 	C:\Windows\SYSTEM32\dbgcore.DLL
0x00007ffcb0b70000 - 0x00007ffcb0beb000 	C:\Windows\System32\bcryptPrimitives.dll
0x00007ffcac380000 - 0x00007ffcac38f000 	c:\Users\Luan_\.vscode\extensions\redhat.java-1.40.0-win32-x64\jre\21.0.6-win32-x86_64\bin\instrument.dll
0x00007ffcac440000 - 0x00007ffcac45f000 	c:\Users\Luan_\.vscode\extensions\redhat.java-1.40.0-win32-x64\jre\21.0.6-win32-x86_64\bin\java.dll
0x00007ffcb2c40000 - 0x00007ffcb34a9000 	C:\Windows\System32\SHELL32.dll
0x00007ffcae770000 - 0x00007ffcaf06f000 	C:\Windows\SYSTEM32\windows.storage.dll
0x00007ffcae630000 - 0x00007ffcae76f000 	C:\Windows\SYSTEM32\wintypes.dll
0x00007ffcb1220000 - 0x00007ffcb1319000 	C:\Windows\System32\SHCORE.dll
0x00007ffcb18c0000 - 0x00007ffcb191e000 	C:\Windows\System32\shlwapi.dll
0x00007ffcb0730000 - 0x00007ffcb0757000 	C:\Windows\SYSTEM32\profapi.dll
0x00007ffcac3b0000 - 0x00007ffcac3c8000 	c:\Users\Luan_\.vscode\extensions\redhat.java-1.40.0-win32-x64\jre\21.0.6-win32-x86_64\bin\zip.dll
0x00007ffcac430000 - 0x00007ffcac440000 	C:\Users\Luan_\.vscode\extensions\redhat.java-1.40.0-win32-x64\jre\21.0.6-win32-x86_64\bin\net.dll
0x00007ffcaaab0000 - 0x00007ffcaabe6000 	C:\Windows\SYSTEM32\WINHTTP.dll
0x00007ffcafdb0000 - 0x00007ffcafe19000 	C:\Windows\system32\mswsock.dll
0x00007ffcac390000 - 0x00007ffcac3a6000 	C:\Users\Luan_\.vscode\extensions\redhat.java-1.40.0-win32-x64\jre\21.0.6-win32-x86_64\bin\nio.dll
0x00007ffcac350000 - 0x00007ffcac360000 	c:\Users\Luan_\.vscode\extensions\redhat.java-1.40.0-win32-x64\jre\21.0.6-win32-x86_64\bin\verify.dll
0x00007ffc76460000 - 0x00007ffc764a5000 	C:\Users\Luan_\AppData\Roaming\Code\User\globalStorage\redhat.java\1.40.0\config_win\org.eclipse.equinox.launcher\org.eclipse.equinox.launcher.win32.win32.x86_64_1.2.1200.v20250212-0927\eclipse_11909.dll
0x00007ffcb1d80000 - 0x00007ffcb1f25000 	C:\Windows\System32\ole32.dll
0x00007ffcb0000000 - 0x00007ffcb001b000 	C:\Windows\SYSTEM32\CRYPTSP.dll
0x00007ffcaf8a0000 - 0x00007ffcaf8d5000 	C:\Windows\system32\rsaenh.dll
0x00007ffcafea0000 - 0x00007ffcafec8000 	C:\Windows\SYSTEM32\USERENV.dll
0x00007ffcb0020000 - 0x00007ffcb002c000 	C:\Windows\SYSTEM32\CRYPTBASE.dll
0x00007ffcaf2d0000 - 0x00007ffcaf2fd000 	C:\Windows\SYSTEM32\IPHLPAPI.DLL
0x00007ffcb1d60000 - 0x00007ffcb1d69000 	C:\Windows\System32\NSI.dll
0x00007ffc44e00000 - 0x00007ffc44e49000 	C:\Users\Luan_\AppData\Local\Temp\jna-634802153\jna9509241235053469228.dll
0x00007ffcb2ab0000 - 0x00007ffcb2ab8000 	C:\Windows\System32\PSAPI.DLL
0x00007ffcaad80000 - 0x00007ffcaad99000 	C:\Windows\SYSTEM32\dhcpcsvc6.DLL
0x00007ffcaa7d0000 - 0x00007ffcaa7ef000 	C:\Windows\SYSTEM32\dhcpcsvc.DLL
0x00007ffc89480000 - 0x00007ffc894a7000 	C:\Users\Luan_\.gradle\native\1def1411415f61bf3af743bc5b6707747c0891f09f0c88961ee8f79bc544acac\windows-amd64\native-platform.dll

dbghelp: loaded successfully - version: 4.0.5 - missing functions: none
symbol engine: initialized successfully - sym options: 0x614 - pdb path: .;c:\Users\Luan_\.vscode\extensions\redhat.java-1.40.0-win32-x64\jre\21.0.6-win32-x86_64\bin;C:\Windows\SYSTEM32;C:\Windows\WinSxS\amd64_microsoft.windows.common-controls_6595b64144ccf1df_6.0.22621.3672_none_2713b9d173822955;c:\Users\Luan_\.vscode\extensions\redhat.java-1.40.0-win32-x64\jre\21.0.6-win32-x86_64\bin\server;C:\Users\Luan_\AppData\Roaming\Code\User\globalStorage\redhat.java\1.40.0\config_win\org.eclipse.equinox.launcher\org.eclipse.equinox.launcher.win32.win32.x86_64_1.2.1200.v20250212-0927;C:\Users\Luan_\AppData\Local\Temp\jna-634802153;C:\Users\Luan_\.gradle\native\1def1411415f61bf3af743bc5b6707747c0891f09f0c88961ee8f79bc544acac\windows-amd64

VM Arguments:
jvm_args: --add-modules=ALL-SYSTEM --add-opens=java.base/java.util=ALL-UNNAMED --add-opens=java.base/java.lang=ALL-UNNAMED --add-opens=java.base/sun.nio.fs=ALL-UNNAMED -Declipse.application=org.eclipse.jdt.ls.core.id1 -Dosgi.bundles.defaultStartLevel=4 -Declipse.product=org.eclipse.jdt.ls.core.product -Djava.import.generatesMetadataFilesAtProjectRoot=false -DDetectVMInstallationsJob.disabled=true -Dfile.encoding=utf8 -XX:+UseParallelGC -XX:GCTimeRatio=4 -XX:AdaptiveSizePolicyWeight=90 -Dsun.zip.disableMemoryMapping=true -Xmx1G -Xms100m -Xlog:disable -javaagent:c:\Users\Luan_\.vscode\extensions\redhat.java-1.40.0-win32-x64\lombok\lombok-1.18.36.jar -XX:+HeapDumpOnOutOfMemoryError -XX:HeapDumpPath=c:\Users\Luan_\AppData\Roaming\Code\User\workspaceStorage\129cff907ff16b97b726fbdafeb8f0de\redhat.java -Daether.dependencyCollector.impl=bf 
java_command: c:\Users\Luan_\.vscode\extensions\redhat.java-1.40.0-win32-x64\server\plugins\org.eclipse.equinox.launcher_1.6.1000.v20250131-0606.jar -configuration c:\Users\Luan_\AppData\Roaming\Code\User\globalStorage\redhat.java\1.40.0\config_win -data c:\Users\Luan_\AppData\Roaming\Code\User\workspaceStorage\129cff907ff16b97b726fbdafeb8f0de\redhat.java\jdt_ws --pipe=\\.\pipe\lsp-241613f9f65ccdcf10069a0044088b6b-sock
java_class_path (initial): c:\Users\Luan_\.vscode\extensions\redhat.java-1.40.0-win32-x64\server\plugins\org.eclipse.equinox.launcher_1.6.1000.v20250131-0606.jar
Launcher Type: SUN_STANDARD

[Global flags]
    uintx AdaptiveSizePolicyWeight                 = 90                                        {product} {command line}
     intx CICompilerCount                          = 3                                         {product} {ergonomic}
    uintx GCTimeRatio                              = 4                                         {product} {command line}
     bool HeapDumpOnOutOfMemoryError               = true                                   {manageable} {command line}
    ccstr HeapDumpPath                             = c:\Users\Luan_\AppData\Roaming\Code\User\workspaceStorage\129cff907ff16b97b726fbdafeb8f0de\redhat.java         {manageable} {command line}
   size_t InitialHeapSize                          = 104857600                                 {product} {command line}
   size_t MaxHeapSize                              = 1073741824                                {product} {command line}
   size_t MaxNewSize                               = 357564416                                 {product} {ergonomic}
   size_t MinHeapDeltaBytes                        = 524288                                    {product} {ergonomic}
   size_t MinHeapSize                              = 104857600                                 {product} {command line}
   size_t NewSize                                  = 34603008                                  {product} {ergonomic}
    uintx NonNMethodCodeHeapSize                   = 5832780                                {pd product} {ergonomic}
    uintx NonProfiledCodeHeapSize                  = 122912730                              {pd product} {ergonomic}
   size_t OldSize                                  = 70254592                                  {product} {ergonomic}
    uintx ProfiledCodeHeapSize                     = 122912730                              {pd product} {ergonomic}
    uintx ReservedCodeCacheSize                    = 251658240                              {pd product} {ergonomic}
     bool SegmentedCodeCache                       = true                                      {product} {ergonomic}
   size_t SoftMaxHeapSize                          = 1073741824                             {manageable} {ergonomic}
     bool UseCompressedOops                        = true                           {product lp64_product} {ergonomic}
     bool UseLargePagesIndividualAllocation        = false                                  {pd product} {ergonomic}
     bool UseParallelGC                            = true                                      {product} {command line}

Logging:
Log output configuration:
 #0: stdout all=off uptime,level,tags foldmultilines=false
 #1: stderr all=off uptime,level,tags foldmultilines=false

Environment Variables:
JAVA_HOME=C:\Java\jdk-17
PATH=;C:\Java\jdk-17\bin;C:\Program Files\Common Files\Oracle\Java\javapath;C:\Program Files (x86)\Common Files\Oracle\Java\javapath;C:\Windows\system32;C:\Windows;C:\Windows\System32\Wbem;C:\Windows\System32\WindowsPowerShell\v1.0\;C:\Windows\System32\OpenSSH\;C:\Program Files (x86)\NVIDIA Corporation\PhysX\Common;C:\Program Files\NVIDIA Corporation\NVIDIA NvDLISR;C:\Program Files\dotnet\;C:\Program Files\Git\cmd;C:\Program Files\nodejs\;C:\Program Files\ffmpeg\bin;C:\Gradle\gradle-8.3\bin;C:\Users\Luan_\AppData\Local\Android\Sdk\platform-tools;C:\Program Files\MySQL\MySQL Server 8.0\bin;C:\Program Files\Common Files\Autodesk Shared\;C:\Program Files\Microsoft SQL Server\150\Tools\Binn\;C:\Program Files\NVIDIA Corporation\Nsight Compute 2022.3.0\;C:\Java\jdk-17\bin;C:\Program Files\MySQL\MySQL Shell 8.0\bin\;C:\Users\Luan_\AppData\Local\Android\Sdk\tools;C:\Users\Luan_\AppData\Local\Microsoft\WindowsApps;C:\Users\Luan_\AppData\Local\Programs\Microsoft VS Code\bin;C:\Users\Luan_\AppData\Roaming\npm;C:\PROGRA~1\Java\jdk-17\bin
USERNAME=Luan Cordeiro
OS=Windows_NT
PROCESSOR_IDENTIFIER=Intel64 Family 6 Model 142 Stepping 9, GenuineIntel
TMP=C:\Users\Luan_\AppData\Local\Temp
TEMP=C:\Users\Luan_\AppData\Local\Temp




Periodic native trim disabled

---------------  S Y S T E M  ---------------

OS:
 Windows 11 , 64 bit Build 22621 (10.0.22621.3958)
OS uptime: 0 days 5:18 hours

CPU: total 4 (initial active 4) (2 cores per cpu, 2 threads per core) family 6 model 142 stepping 9 microcode 0xde, cx8, cmov, fxsr, ht, mmx, 3dnowpref, sse, sse2, sse3, ssse3, sse4.1, sse4.2, popcnt, lzcnt, tsc, tscinvbit, avx, avx2, aes, erms, clmul, bmi1, bmi2, adx, fma, vzeroupper, clflush, clflushopt, rdtscp, f16c
Processor Information for the first 4 processors :
  Max Mhz: 2712, Current Mhz: 2511, Mhz Limit: 2495

Memory: 4k page, system-wide physical 8067M (416M free)
TotalPageFile size 13342M (AvailPageFile size 0M)
current process WorkingSet (physical memory assigned to process): 756M, peak: 789M
current process commit charge ("private bytes"): 705M, peak: 935M

vm_info: OpenJDK 64-Bit Server VM (21.0.6+7-LTS) for windows-amd64 JRE (21.0.6+7-LTS), built on 2025-01-21T00:00:00Z by "admin" with MS VC++ 17.7 (VS2022)

END.
